<?xml version="1.0" encoding="UTF-8"?>
<!-- Generated by org.testng.reporters.JUnitReportReporter -->
<testsuite hostname="PureBook-S14" failures="0" tests="1" name="Git_Jenkins_Demo.DemoIntegration" time="7.432" errors="0" timestamp="2023-05-04T11:46:33 IST" skipped="0">
  <testcase classname="Git_Jenkins_Demo.DemoIntegration" name="TestMethod" time="7.432"/>
  <system-out/>
</testsuite> <!-- Git_Jenkins_Demo.DemoIntegration -->
